{"level":"info","message":"GET /favicon.ico"}
{"level":"info","message":"GET /favicon.ico"}
{"level":"info","message":"GET /api/state/1"}
{"level":"info","message":"GET /favicon.ico"}
{"level":"info","message":"GET /api/state/1"}
{"level":"info","message":"GET /favicon.ico"}
{"level":"info","message":"GET /api/state/1"}
{"last_updated":"1736499253441","level":"info","message":"contract response","state_hash":"5fb82583851d4f8f2baa35722b2f1e5f25dd22651f8669116f9aa69366afd644"}
{"level":"info","message":"GET /favicon.ico"}
{"level":"info","message":"GET /api/state/1"}
{"last_updated":"1736499253441","level":"info","message":"contract response","state_hash":"5fb82583851d4f8f2baa35722b2f1e5f25dd22651f8669116f9aa69366afd644"}
{"level":"info","message":"GET /favicon.ico"}
{"level":"info","message":"POST /api/state/1"}
{"level":"info","message":"Got state for entity ID"}
{"level":"info","message":"Created hash: "}
{"accountCreator":null,"config":{"keyStore":{"keys":{"zeljko.testnet:testnet":"ed25519:2eEmQQ3BhQCSVWaesxB2dAxgYBCRJ8z2rq6xffNYfx8Gi4LVNjMAdGUyKoWU1adcjJtapgcprk9p5MiCzfkozh36"}},"networkId":"testnet","nodeUrl":"https://rpc.testnet.near.org"},"connection":{"jsvmAccountId":"jsvm.testnet","networkId":"testnet","provider":{"connection":{"url":"https://rpc.testnet.near.org"},"options":{"backoff":1.5,"retries":12,"wait":500}},"signer":{"keyStore":{"keys":{"zeljko.testnet:testnet":"ed25519:2eEmQQ3BhQCSVWaesxB2dAxgYBCRJ8z2rq6xffNYfx8Gi4LVNjMAdGUyKoWU1adcjJtapgcprk9p5MiCzfkozh36"}}}},"level":"info","message":"connection"}
{"final_execution_status":"EXECUTED_OPTIMISTIC","level":"info","message":"contract call result","receipts_outcome":[{"block_hash":"8g3weEb2mLRW4wmdcDy1WQQF3rmbQ7JmeFxkZxZJFvB","id":"7Gxjsei1R7CCpQ5bU73yzj5wRV2Me6TYEKuT7XN8U5q9","outcome":{"executor_id":"hashstorage.testnet","gas_burnt":1714927136610,"logs":["Saving state hash for U64(1): 5fb82583851d4f8f2baa35722b2f1e5f25dd22651f8669116f9aa69366afd644","Entity state updated successfully for U64(1)"],"metadata":{"gas_profile":[{"cost":"BASE","cost_category":"WASM_HOST_COST","gas_used":"3706753554"},{"cost":"CONTRACT_LOADING_BASE","cost_category":"WASM_HOST_COST","gas_used":"35445963"},{"cost":"CONTRACT_LOADING_BYTES","cost_category":"WASM_HOST_COST","gas_used":"121811502670"},{"cost":"LOG_BASE","cost_category":"WASM_HOST_COST","gas_used":"7086626100"},{"cost":"LOG_BYTE","cost_category":"WASM_HOST_COST","gas_used":"1821433158"},{"cost":"READ_CACHED_TRIE_NODE","cost_category":"WASM_HOST_COST","gas_used":"38760000000"},{"cost":"READ_MEMORY_BASE","cost_category":"WASM_HOST_COST","gas_used":"20878905600"},{"cost":"READ_MEMORY_BYTE","cost_category":"WASM_HOST_COST","gas_used":"938929251"},{"cost":"READ_REGISTER_BASE","cost_category":"WASM_HOST_COST","gas_used":"7551495558"},{"cost":"READ_REGISTER_BYTE","cost_category":"WASM_HOST_COST","gas_used":"20599458"},{"cost":"STORAGE_READ_BASE","cost_category":"WASM_HOST_COST","gas_used":"112713691498"},{"cost":"STORAGE_READ_KEY_BYTE","cost_category":"WASM_HOST_COST","gas_used":"433335462"},{"cost":"STORAGE_READ_VALUE_BYTE","cost_category":"WASM_HOST_COST","gas_used":"454491324"},{"cost":"STORAGE_WRITE_BASE","cost_category":"WASM_HOST_COST","gas_used":"128393472000"},{"cost":"STORAGE_WRITE_EVICTED_BYTE","cost_category":"WASM_HOST_COST","gas_used":"2601501867"},{"cost":"STORAGE_WRITE_KEY_BYTE","cost_category":"WASM_HOST_COST","gas_used":"986760138"},{"cost":"STORAGE_WRITE_VALUE_BYTE","cost_category":"WASM_HOST_COST","gas_used":"2512501659"},{"cost":"TOUCHING_TRIE_NODE","cost_category":"WASM_HOST_COST","gas_used":"273733250742"},{"cost":"UTF8_DECODING_BASE","cost_category":"WASM_HOST_COST","gas_used":"6223558122"},{"cost":"UTF8_DECODING_BYTE","cost_category":"WASM_HOST_COST","gas_used":"40238106102"},{"cost":"WASM_INSTRUCTION","cost_category":"WASM_HOST_COST","gas_used":"28378499952"},{"cost":"WRITE_MEMORY_BASE","cost_category":"WASM_HOST_COST","gas_used":"11215179444"},{"cost":"WRITE_MEMORY_BYTE","cost_category":"WASM_HOST_COST","gas_used":"612848700"},{"cost":"WRITE_REGISTER_BASE","cost_category":"WASM_HOST_COST","gas_used":"14327612430"},{"cost":"WRITE_REGISTER_BYTE","cost_category":"WASM_HOST_COST","gas_used":"1102453560"}],"version":3},"receipt_ids":["DFfq7Je11DqsAACQGChSZLqF9w9J4dd3CZKQu2Rkk1oe"],"status":{"SuccessValue":""},"tokens_burnt":"171492713661000000000"},"proof":[]}],"status":{"SuccessValue":""},"transaction":{"actions":[{"FunctionCall":{"args":"eyJlbnRpdHlfaWQiOiIxIiwic3RhdGVfaGFzaCI6IjVmYjgyNTgzODUxZDRmOGYyYmFhMzU3MjJiMmYxZTVmMjVkZDIyNjUxZjg2NjkxMTZmOWFhNjkzNjZhZmQ2NDQiLCJsYXN0X3VwZGF0ZWQiOiIxNzM2NTAwNjc4NTIyIn0=","deposit":"0","gas":100000000000000,"method_name":"update_entity_state"}}],"hash":"E4zcrzWWSwp37zjkHMWBiAxXCUWQTMp7N7otkAKdHNYs","nonce":184357771000018,"priority_fee":0,"public_key":"ed25519:BpuZNEd3MQikGUcPbSCJcKwCoWuzuku7xkzYeiDbqLAk","receiver_id":"hashstorage.testnet","signature":"ed25519:4Jzsa6uDSDwoUB49waSCCy9K3YrxHhdnrJdFwF5jFuYf8Thxq4kEB6BWPFKZU3tLtbSfx338Sy8ZVX38AHydfnqh","signer_id":"zeljko.testnet"},"transaction_outcome":{"block_hash":"94CqTCsafuo3mWQV9ErhsmuHmDVrSNciMJRUtwPNc7mN","id":"E4zcrzWWSwp37zjkHMWBiAxXCUWQTMp7N7otkAKdHNYs","outcome":{"executor_id":"zeljko.testnet","gas_burnt":315069006105,"logs":[],"metadata":{"gas_profile":null,"version":1},"receipt_ids":["7Gxjsei1R7CCpQ5bU73yzj5wRV2Me6TYEKuT7XN8U5q9"],"status":{"SuccessReceiptId":"7Gxjsei1R7CCpQ5bU73yzj5wRV2Me6TYEKuT7XN8U5q9"},"tokens_burnt":"31506900610500000000"},"proof":[]}}
{"level":"info","message":"GET /api/state/1"}
{"last_updated":"1736500678522","level":"info","message":"contract response","state_hash":"5fb82583851d4f8f2baa35722b2f1e5f25dd22651f8669116f9aa69366afd644"}
{"level":"info","message":"GET /favicon.ico"}
{"level":"info","message":"GET /api/state/1"}
{"last_updated":"1736500678522","level":"info","message":"contract response","state_hash":"5fb82583851d4f8f2baa35722b2f1e5f25dd22651f8669116f9aa69366afd644"}
{"level":"info","message":"GET /favicon.ico"}
{"level":"info","message":"GET /api/state/1"}
{"last_updated":"1736500678522","level":"info","message":"contract response","state_hash":"5fb82583851d4f8f2baa35722b2f1e5f25dd22651f8669116f9aa69366afd644"}
{"level":"info","message":"GET /favicon.ico"}
{"level":"info","message":"********** BEGIN ************"}
{"level":"info","message":"GET /api/state/1"}
{"accept":"text/html,application/xhtml+xml,application/xml;q=0.9,*/*;q=0.8","accept-encoding":"gzip, deflate, br, zstd","accept-language":"en-US,en;q=0.5","connection":"keep-alive","dnt":"1","host":"localhost:5000","level":"info","message":"Request Headers:","priority":"u=0, i","sec-fetch-dest":"document","sec-fetch-mode":"navigate","sec-fetch-site":"none","sec-fetch-user":"?1","sec-gpc":"1","upgrade-insecure-requests":"1","user-agent":"Mozilla/5.0 (X11; Ubuntu; Linux x86_64; rv:134.0) Gecko/20100101 Firefox/134.0"}
{"level":"info","message":{"last_updated":"1736501823522","state_hash":"5fb82583851d4f8f2baa35722b2f1e5f25dd22651f8669116f9aa69366afd644"}}
{"content-type":"application/json; charset=utf-8","level":"info","message":"Response Headers:","x-powered-by":"Express"}
{"level":"info","message":"Response Body:"}
{"level":"info","message":"*********** END *************"}
{"level":"info","message":"********** BEGIN ************"}
{"level":"info","message":"GET /favicon.ico"}
{"accept":"image/avif,image/webp,image/png,image/svg+xml,image/*;q=0.8,*/*;q=0.5","accept-encoding":"gzip, deflate, br, zstd","accept-language":"en-US,en;q=0.5","connection":"keep-alive","dnt":"1","host":"localhost:5000","level":"info","message":"Request Headers:","priority":"u=6","referer":"http://localhost:5000/api/state/1","sec-fetch-dest":"image","sec-fetch-mode":"no-cors","sec-fetch-site":"cross-site","sec-gpc":"1","user-agent":"Mozilla/5.0 (X11; Ubuntu; Linux x86_64; rv:134.0) Gecko/20100101 Firefox/134.0"}
{"level":"info","message":"********** BEGIN ************"}
{"level":"info","message":"GET /api/state/1"}
{"level":"info","message":{"accept":"text/html,application/xhtml+xml,application/xml;q=0.9,*/*;q=0.8","accept-encoding":"gzip, deflate, br, zstd","accept-language":"en-US,en;q=0.5","connection":"keep-alive","dnt":"1","host":"localhost:5000","if-none-match":"W/\"221-AlEy1Zb3RDd+WDqo9vGJw6biiyA\"","priority":"u=0, i","sec-fetch-dest":"document","sec-fetch-mode":"navigate","sec-fetch-site":"none","sec-fetch-user":"?1","sec-gpc":"1","upgrade-insecure-requests":"1","user-agent":"Mozilla/5.0 (X11; Ubuntu; Linux x86_64; rv:134.0) Gecko/20100101 Firefox/134.0"}}
{"level":"info","message":{"last_updated":"1736501823522","state_hash":"5fb82583851d4f8f2baa35722b2f1e5f25dd22651f8669116f9aa69366afd644"}}
{"level":"info","message":{"content-type":"application/json; charset=utf-8","x-powered-by":"Express"}}
{"level":"info","message":"{\"status\":true,\"message\":{\"state\":{\"_id\":\"5fb82583851d4f8f2baa35722b2f1e5f25dd22651f8669116f9aa69366afd644\",\"__v\":0,\"data\":{\"type\":\"object\",\"properties\":{\"agentId\":{\"type\":\"string\"},\"memoryType\":{\"type\":\"string\"},\"attributes\":{\"type\":\"object\",\"additionalProperties\":true},\"lastUpdated\":{\"type\":\"string\",\"format\":\"date-time\"}},\"required\":[\"agentId\",\"memoryType\"]},\"lastUpdated\":\"2025-01-10T09:37:03.522Z\",\"entityId\":1},\"chainState\":{\"state_hash\":\"5fb82583851d4f8f2baa35722b2f1e5f25dd22651f8669116f9aa69366afd644\",\"last_updated\":\"1736501823522\"}}}"}
{"level":"info","message":"*********** END *************"}
{"level":"info","message":"********** BEGIN ************"}
{"level":"info","message":"GET /favicon.ico"}
{"level":"info","message":{"accept":"image/avif,image/webp,image/png,image/svg+xml,image/*;q=0.8,*/*;q=0.5","accept-encoding":"gzip, deflate, br, zstd","accept-language":"en-US,en;q=0.5","connection":"keep-alive","dnt":"1","host":"localhost:5000","priority":"u=6","referer":"http://localhost:5000/api/state/1","sec-fetch-dest":"image","sec-fetch-mode":"no-cors","sec-fetch-site":"cross-site","sec-gpc":"1","user-agent":"Mozilla/5.0 (X11; Ubuntu; Linux x86_64; rv:134.0) Gecko/20100101 Firefox/134.0"}}
{"level":"info","message":"********** REQUEST ************"}
{"level":"info","message":"GET /api/state/1"}
{"level":"info","message":{"accept":"text/html,application/xhtml+xml,application/xml;q=0.9,*/*;q=0.8","accept-encoding":"gzip, deflate, br, zstd","accept-language":"en-US,en;q=0.5","connection":"keep-alive","dnt":"1","host":"localhost:5000","if-none-match":"W/\"221-AlEy1Zb3RDd+WDqo9vGJw6biiyA\"","priority":"u=0, i","sec-fetch-dest":"document","sec-fetch-mode":"navigate","sec-fetch-site":"none","sec-fetch-user":"?1","sec-gpc":"1","upgrade-insecure-requests":"1","user-agent":"Mozilla/5.0 (X11; Ubuntu; Linux x86_64; rv:134.0) Gecko/20100101 Firefox/134.0"}}
{"level":"info","message":"******************************"}
{"level":"info","message":{"last_updated":"1736501823522","state_hash":"5fb82583851d4f8f2baa35722b2f1e5f25dd22651f8669116f9aa69366afd644"}}
{"level":"info","message":"********** RESPONSE ************"}
{"level":"info","message":{"content-type":"application/json; charset=utf-8","x-powered-by":"Express"}}
{"level":"info","message":"{\"status\":true,\"message\":{\"state\":{\"_id\":\"5fb82583851d4f8f2baa35722b2f1e5f25dd22651f8669116f9aa69366afd644\",\"__v\":0,\"data\":{\"type\":\"object\",\"properties\":{\"agentId\":{\"type\":\"string\"},\"memoryType\":{\"type\":\"string\"},\"attributes\":{\"type\":\"object\",\"additionalProperties\":true},\"lastUpdated\":{\"type\":\"string\",\"format\":\"date-time\"}},\"required\":[\"agentId\",\"memoryType\"]},\"lastUpdated\":\"2025-01-10T09:37:03.522Z\",\"entityId\":1},\"chainState\":{\"state_hash\":\"5fb82583851d4f8f2baa35722b2f1e5f25dd22651f8669116f9aa69366afd644\",\"last_updated\":\"1736501823522\"}}}"}
{"level":"info","message":"********************************"}
{"level":"info","message":"********** REQUEST ************"}
{"level":"info","message":"GET /favicon.ico"}
{"level":"info","message":{"accept":"image/avif,image/webp,image/png,image/svg+xml,image/*;q=0.8,*/*;q=0.5","accept-encoding":"gzip, deflate, br, zstd","accept-language":"en-US,en;q=0.5","connection":"keep-alive","dnt":"1","host":"localhost:5000","priority":"u=6","referer":"http://localhost:5000/api/state/1","sec-fetch-dest":"image","sec-fetch-mode":"no-cors","sec-fetch-site":"cross-site","sec-gpc":"1","user-agent":"Mozilla/5.0 (X11; Ubuntu; Linux x86_64; rv:134.0) Gecko/20100101 Firefox/134.0"}}
{"level":"info","message":"******************************"}
